Determining if the pthread_create exist failed with the following output:
Change Dir: /home/deepak/Drone_SuspendedPayload_Navigation/build/CMakeFiles/CMakeTmp

Run Build Command:"/usr/bin/make" "cmTC_afe75/fast"
/usr/bin/make -f CMakeFiles/cmTC_afe75.dir/build.make CMakeFiles/cmTC_afe75.dir/build
make[1]: Entering directory '/home/deepak/Drone_SuspendedPayload_Navigation/build/CMakeFiles/CMakeTmp'
Building C object CMakeFiles/cmTC_afe75.dir/CheckSymbolExists.c.o
/usr/bin/cc    -o CMakeFiles/cmTC_afe75.dir/CheckSymbolExists.c.o   -c /home/deepak/Drone_SuspendedPayload_Navigation/build/CMakeFiles/CMakeTmp/CheckSymbolExists.c
Linking C executable cmTC_afe75
/usr/bin/cmake -E cmake_link_script CMakeFiles/cmTC_afe75.dir/link.txt --verbose=1
/usr/bin/cc      -rdynamic CMakeFiles/cmTC_afe75.dir/CheckSymbolExists.c.o  -o cmTC_afe75 
CMakeFiles/cmTC_afe75.dir/CheckSymbolExists.c.o: In function `main':
CheckSymbolExists.c:(.text+0x1b): undefined reference to `pthread_create'
collect2: error: ld returned 1 exit status
CMakeFiles/cmTC_afe75.dir/build.make:97: recipe for target 'cmTC_afe75' failed
make[1]: *** [cmTC_afe75] Error 1
make[1]: Leaving directory '/home/deepak/Drone_SuspendedPayload_Navigation/build/CMakeFiles/CMakeTmp'
Makefile:126: recipe for target 'cmTC_afe75/fast' failed
make: *** [cmTC_afe75/fast] Error 2

File /home/deepak/Drone_SuspendedPayload_Navigation/build/CMakeFiles/CMakeTmp/CheckSymbolExists.c:
/* */
#include <pthread.h>

int main(int argc, char** argv)
{
  (void)argv;
#ifndef pthread_create
  return ((int*)(&pthread_create))[argc];
#else
  (void)argc;
  return 0;
#endif
}

Determining if the function pthread_create exists in the pthreads failed with the following output:
Change Dir: /home/deepak/Drone_SuspendedPayload_Navigation/build/CMakeFiles/CMakeTmp

Run Build Command:"/usr/bin/make" "cmTC_ed5c2/fast"
/usr/bin/make -f CMakeFiles/cmTC_ed5c2.dir/build.make CMakeFiles/cmTC_ed5c2.dir/build
make[1]: Entering directory '/home/deepak/Drone_SuspendedPayload_Navigation/build/CMakeFiles/CMakeTmp'
Building C object CMakeFiles/cmTC_ed5c2.dir/CheckFunctionExists.c.o
/usr/bin/cc   -DCHECK_FUNCTION_EXISTS=pthread_create   -o CMakeFiles/cmTC_ed5c2.dir/CheckFunctionExists.c.o   -c /usr/share/cmake-3.10/Modules/CheckFunctionExists.c
Linking C executable cmTC_ed5c2
/usr/bin/cmake -E cmake_link_script CMakeFiles/cmTC_ed5c2.dir/link.txt --verbose=1
/usr/bin/cc  -DCHECK_FUNCTION_EXISTS=pthread_create    -rdynamic CMakeFiles/cmTC_ed5c2.dir/CheckFunctionExists.c.o  -o cmTC_ed5c2 -lpthreads 
/usr/bin/ld: cannot find -lpthreads
collect2: error: ld returned 1 exit status
CMakeFiles/cmTC_ed5c2.dir/build.make:97: recipe for target 'cmTC_ed5c2' failed
make[1]: *** [cmTC_ed5c2] Error 1
make[1]: Leaving directory '/home/deepak/Drone_SuspendedPayload_Navigation/build/CMakeFiles/CMakeTmp'
Makefile:126: recipe for target 'cmTC_ed5c2/fast' failed
make: *** [cmTC_ed5c2/fast] Error 2


